 Run Started and output directory successfully created. Initializing...
 Output folder created: output/20112024_090320
 Output files created: output/20112024_090320
 all variable file created: 'output/20112024_090320/all_variable_file.txt'
 Successfully read and initialized data from: control.inp
 All variables allocated and set, see: all_variable_file.txt                                                                                                                                                                                                                                          
 Successfully read and initialized data from: /mnt/c/Users/sammy/Research/Classical-Coulomb-Explosion/data/c4h10_classical/14/molecule.inp                                                                                                                                                                    
 Element, Atom atomic number
   C           6
   C           6
   C           6
   C           6
   H           1
   H           1
   H           1
   H           1
   H           1
   H           1
   H           1
   H           1
   H           1
   H           1
 Atom positions (A) in x,y,z:
  -1.5879589999999999      -0.55455399999999999       0.12441700000000000     
 -0.70332499999999998       0.61972799999999995      -0.31078699999999998     
  0.70332499999999998       0.61972799999999995       0.31078699999999998     
   1.5879589999999999      -0.55455399999999999      -0.12441700000000000     
  -1.1699200000000001       -1.5188100000000000      -0.18578100000000000     
  -1.7021150000000000      -0.57850500000000005        1.2156490000000000     
  -2.5901719999999999      -0.47628500000000001      -0.31247000000000003     
 -0.61231700000000000       0.62228899999999998       -1.4067280000000000     
  -1.2052290000000001        1.5602650000000000       -4.5655000000000001E-002
   1.2052300000000000        1.5602640000000001        4.5655000000000001E-002
  0.61231700000000000       0.62229000000000001        1.4067280000000000     
   1.1699180000000000       -1.5188109999999999       0.18578000000000000     
   1.7021170000000001      -0.57850400000000002       -1.2156480000000001     
   2.5901719999999999      -0.47628599999999999       0.31247100000000000     
 Successfully read and initialized data from: /mnt/c/Users/sammy/Research/Classical-Coulomb-Explosion/input/c2h2/seeds.inp                                                                                                                                                                                    
 All atomic masses successfully computed:
 Atom atomic number and mass (eV_fs^2/A^2):
           6   1243.7123176930008     
           6   1243.7123176930008     
           6   1243.7123176930008     
           6   1243.7123176930008     
           1   103.64269314108340     
           1   103.64269314108340     
           1   103.64269314108340     
           1   103.64269314108340     
           1   103.64269314108340     
           1   103.64269314108340     
           1   103.64269314108340     
           1   103.64269314108340     
           1   103.64269314108340     
           1   103.64269314108340     
 Atom info file created: 'output/20112024_090320/atom_info.csv'
 Trajectory output folder created: 'output/20112024_090320/trajectory'
 
 Initialization complete. Beginning computation...
 
r=1 computation started
 Successfully finished trajectory file: output/20112024_090320/trajectory/trajectory_r1.xyz                                                                                                                                                                                                            
 Successfully updated atom info file: output/20112024_090320/atom_info.csv                                                                                                                                                                                                                           
r=1 computation completed

r=2 computation started
 Successfully finished trajectory file: output/20112024_090320/trajectory/trajectory_r2.xyz                                                                                                                                                                                                            
 Successfully updated atom info file: output/20112024_090320/atom_info.csv                                                                                                                                                                                                                           
r=2 computation completed

r=3 computation started
 Successfully finished trajectory file: output/20112024_090320/trajectory/trajectory_r3.xyz                                                                                                                                                                                                            
 Successfully updated atom info file: output/20112024_090320/atom_info.csv                                                                                                                                                                                                                           
r=3 computation completed

r=4 computation started
 Successfully finished trajectory file: output/20112024_090320/trajectory/trajectory_r4.xyz                                                                                                                                                                                                            
 Successfully updated atom info file: output/20112024_090320/atom_info.csv                                                                                                                                                                                                                           
r=4 computation completed

r=5 computation started
 Successfully finished trajectory file: output/20112024_090320/trajectory/trajectory_r5.xyz                                                                                                                                                                                                            
 Successfully updated atom info file: output/20112024_090320/atom_info.csv                                                                                                                                                                                                                           
r=5 computation completed

r=6 computation started
 Successfully finished trajectory file: output/20112024_090320/trajectory/trajectory_r6.xyz                                                                                                                                                                                                            
 Successfully updated atom info file: output/20112024_090320/atom_info.csv                                                                                                                                                                                                                           
r=6 computation completed

r=7 computation started
 Successfully finished trajectory file: output/20112024_090320/trajectory/trajectory_r7.xyz                                                                                                                                                                                                            
 Successfully updated atom info file: output/20112024_090320/atom_info.csv                                                                                                                                                                                                                           
r=7 computation completed

r=8 computation started
 Successfully finished trajectory file: output/20112024_090320/trajectory/trajectory_r8.xyz                                                                                                                                                                                                            
 Successfully updated atom info file: output/20112024_090320/atom_info.csv                                                                                                                                                                                                                           
r=8 computation completed

r=9 computation started
 Successfully finished trajectory file: output/20112024_090320/trajectory/trajectory_r9.xyz                                                                                                                                                                                                            
 Successfully updated atom info file: output/20112024_090320/atom_info.csv                                                                                                                                                                                                                           
r=9 computation completed

r=10 computation started
 Successfully finished trajectory file: output/20112024_090320/trajectory/trajectory_r10.xyz                                                                                                                                                                                                           
 Successfully updated atom info file: output/20112024_090320/atom_info.csv                                                                                                                                                                                                                           
r=10 computation completed

r=11 computation started
 Successfully finished trajectory file: output/20112024_090320/trajectory/trajectory_r11.xyz                                                                                                                                                                                                           
 Successfully updated atom info file: output/20112024_090320/atom_info.csv                                                                                                                                                                                                                           
r=11 computation completed

r=12 computation started
 Successfully finished trajectory file: output/20112024_090320/trajectory/trajectory_r12.xyz                                                                                                                                                                                                           
 Successfully updated atom info file: output/20112024_090320/atom_info.csv                                                                                                                                                                                                                           
r=12 computation completed

r=13 computation started
 Successfully finished trajectory file: output/20112024_090320/trajectory/trajectory_r13.xyz                                                                                                                                                                                                           
 Successfully updated atom info file: output/20112024_090320/atom_info.csv                                                                                                                                                                                                                           
r=13 computation completed

r=14 computation started
 Successfully finished trajectory file: output/20112024_090320/trajectory/trajectory_r14.xyz                                                                                                                                                                                                           
 Successfully updated atom info file: output/20112024_090320/atom_info.csv                                                                                                                                                                                                                           
r=14 computation completed

r=15 computation started
 Successfully finished trajectory file: output/20112024_090320/trajectory/trajectory_r15.xyz                                                                                                                                                                                                           
 Successfully updated atom info file: output/20112024_090320/atom_info.csv                                                                                                                                                                                                                           
r=15 computation completed

r=16 computation started
 Successfully finished trajectory file: output/20112024_090320/trajectory/trajectory_r16.xyz                                                                                                                                                                                                           
 Successfully updated atom info file: output/20112024_090320/atom_info.csv                                                                                                                                                                                                                           
r=16 computation completed

r=17 computation started
 Successfully finished trajectory file: output/20112024_090320/trajectory/trajectory_r17.xyz                                                                                                                                                                                                           
 Successfully updated atom info file: output/20112024_090320/atom_info.csv                                                                                                                                                                                                                           
r=17 computation completed

r=18 computation started
 Successfully finished trajectory file: output/20112024_090320/trajectory/trajectory_r18.xyz                                                                                                                                                                                                           
 Successfully updated atom info file: output/20112024_090320/atom_info.csv                                                                                                                                                                                                                           
r=18 computation completed

r=19 computation started
 Successfully finished trajectory file: output/20112024_090320/trajectory/trajectory_r19.xyz                                                                                                                                                                                                           
 Successfully updated atom info file: output/20112024_090320/atom_info.csv                                                                                                                                                                                                                           
r=19 computation completed

r=20 computation started
 Successfully finished trajectory file: output/20112024_090320/trajectory/trajectory_r20.xyz                                                                                                                                                                                                           
 Successfully updated atom info file: output/20112024_090320/atom_info.csv                                                                                                                                                                                                                           
r=20 computation completed

r=21 computation started
 Successfully finished trajectory file: output/20112024_090320/trajectory/trajectory_r21.xyz                                                                                                                                                                                                           
 Successfully updated atom info file: output/20112024_090320/atom_info.csv                                                                                                                                                                                                                           
r=21 computation completed

r=22 computation started
 Successfully finished trajectory file: output/20112024_090320/trajectory/trajectory_r22.xyz                                                                                                                                                                                                           
 Successfully updated atom info file: output/20112024_090320/atom_info.csv                                                                                                                                                                                                                           
r=22 computation completed

r=23 computation started
 Successfully finished trajectory file: output/20112024_090320/trajectory/trajectory_r23.xyz                                                                                                                                                                                                           
 Successfully updated atom info file: output/20112024_090320/atom_info.csv                                                                                                                                                                                                                           
r=23 computation completed

r=24 computation started
 Successfully finished trajectory file: output/20112024_090320/trajectory/trajectory_r24.xyz                                                                                                                                                                                                           
 Successfully updated atom info file: output/20112024_090320/atom_info.csv                                                                                                                                                                                                                           
r=24 computation completed

r=25 computation started
 Successfully finished trajectory file: output/20112024_090320/trajectory/trajectory_r25.xyz                                                                                                                                                                                                           
 Successfully updated atom info file: output/20112024_090320/atom_info.csv                                                                                                                                                                                                                           
r=25 computation completed

r=26 computation started
 Successfully finished trajectory file: output/20112024_090320/trajectory/trajectory_r26.xyz                                                                                                                                                                                                           
 Successfully updated atom info file: output/20112024_090320/atom_info.csv                                                                                                                                                                                                                           
r=26 computation completed

r=27 computation started
 Successfully finished trajectory file: output/20112024_090320/trajectory/trajectory_r27.xyz                                                                                                                                                                                                           
 Successfully updated atom info file: output/20112024_090320/atom_info.csv                                                                                                                                                                                                                           
r=27 computation completed

r=28 computation started
 Successfully finished trajectory file: output/20112024_090320/trajectory/trajectory_r28.xyz                                                                                                                                                                                                           
 Successfully updated atom info file: output/20112024_090320/atom_info.csv                                                                                                                                                                                                                           
r=28 computation completed

r=29 computation started
 Successfully finished trajectory file: output/20112024_090320/trajectory/trajectory_r29.xyz                                                                                                                                                                                                           
 Successfully updated atom info file: output/20112024_090320/atom_info.csv                                                                                                                                                                                                                           
r=29 computation completed

r=30 computation started
 Successfully finished trajectory file: output/20112024_090320/trajectory/trajectory_r30.xyz                                                                                                                                                                                                           
 Successfully updated atom info file: output/20112024_090320/atom_info.csv                                                                                                                                                                                                                           
r=30 computation completed

r=31 computation started
 Successfully finished trajectory file: output/20112024_090320/trajectory/trajectory_r31.xyz                                                                                                                                                                                                           
 Successfully updated atom info file: output/20112024_090320/atom_info.csv                                                                                                                                                                                                                           
r=31 computation completed

r=32 computation started
 Successfully finished trajectory file: output/20112024_090320/trajectory/trajectory_r32.xyz                                                                                                                                                                                                           
 Successfully updated atom info file: output/20112024_090320/atom_info.csv                                                                                                                                                                                                                           
r=32 computation completed

r=33 computation started
 Successfully finished trajectory file: output/20112024_090320/trajectory/trajectory_r33.xyz                                                                                                                                                                                                           
 Successfully updated atom info file: output/20112024_090320/atom_info.csv                                                                                                                                                                                                                           
r=33 computation completed

r=34 computation started
 Successfully finished trajectory file: output/20112024_090320/trajectory/trajectory_r34.xyz                                                                                                                                                                                                           
 Successfully updated atom info file: output/20112024_090320/atom_info.csv                                                                                                                                                                                                                           
r=34 computation completed

r=35 computation started
 Successfully finished trajectory file: output/20112024_090320/trajectory/trajectory_r35.xyz                                                                                                                                                                                                           
 Successfully updated atom info file: output/20112024_090320/atom_info.csv                                                                                                                                                                                                                           
r=35 computation completed

r=36 computation started
 Successfully finished trajectory file: output/20112024_090320/trajectory/trajectory_r36.xyz                                                                                                                                                                                                           
 Successfully updated atom info file: output/20112024_090320/atom_info.csv                                                                                                                                                                                                                           
r=36 computation completed

r=37 computation started
 Successfully finished trajectory file: output/20112024_090320/trajectory/trajectory_r37.xyz                                                                                                                                                                                                           
 Successfully updated atom info file: output/20112024_090320/atom_info.csv                                                                                                                                                                                                                           
r=37 computation completed

r=38 computation started
 Successfully finished trajectory file: output/20112024_090320/trajectory/trajectory_r38.xyz                                                                                                                                                                                                           
 Successfully updated atom info file: output/20112024_090320/atom_info.csv                                                                                                                                                                                                                           
r=38 computation completed

r=39 computation started
 Successfully finished trajectory file: output/20112024_090320/trajectory/trajectory_r39.xyz                                                                                                                                                                                                           
 Successfully updated atom info file: output/20112024_090320/atom_info.csv                                                                                                                                                                                                                           
r=39 computation completed

r=40 computation started
 Successfully finished trajectory file: output/20112024_090320/trajectory/trajectory_r40.xyz                                                                                                                                                                                                           
 Successfully updated atom info file: output/20112024_090320/atom_info.csv                                                                                                                                                                                                                           
r=40 computation completed

r=41 computation started
 Successfully finished trajectory file: output/20112024_090320/trajectory/trajectory_r41.xyz                                                                                                                                                                                                           
 Successfully updated atom info file: output/20112024_090320/atom_info.csv                                                                                                                                                                                                                           
r=41 computation completed

r=42 computation started
 Successfully finished trajectory file: output/20112024_090320/trajectory/trajectory_r42.xyz                                                                                                                                                                                                           
 Successfully updated atom info file: output/20112024_090320/atom_info.csv                                                                                                                                                                                                                           
r=42 computation completed

r=43 computation started
 Successfully finished trajectory file: output/20112024_090320/trajectory/trajectory_r43.xyz                                                                                                                                                                                                           
 Successfully updated atom info file: output/20112024_090320/atom_info.csv                                                                                                                                                                                                                           
r=43 computation completed

r=44 computation started
 Successfully finished trajectory file: output/20112024_090320/trajectory/trajectory_r44.xyz                                                                                                                                                                                                           
 Successfully updated atom info file: output/20112024_090320/atom_info.csv                                                                                                                                                                                                                           
r=44 computation completed

r=45 computation started
 Successfully finished trajectory file: output/20112024_090320/trajectory/trajectory_r45.xyz                                                                                                                                                                                                           
 Successfully updated atom info file: output/20112024_090320/atom_info.csv                                                                                                                                                                                                                           
r=45 computation completed

r=46 computation started
 Successfully finished trajectory file: output/20112024_090320/trajectory/trajectory_r46.xyz                                                                                                                                                                                                           
 Successfully updated atom info file: output/20112024_090320/atom_info.csv                                                                                                                                                                                                                           
r=46 computation completed

r=47 computation started
 Successfully finished trajectory file: output/20112024_090320/trajectory/trajectory_r47.xyz                                                                                                                                                                                                           
 Successfully updated atom info file: output/20112024_090320/atom_info.csv                                                                                                                                                                                                                           
r=47 computation completed

r=48 computation started
 Successfully finished trajectory file: output/20112024_090320/trajectory/trajectory_r48.xyz                                                                                                                                                                                                           
 Successfully updated atom info file: output/20112024_090320/atom_info.csv                                                                                                                                                                                                                           
r=48 computation completed

r=49 computation started
 Successfully finished trajectory file: output/20112024_090320/trajectory/trajectory_r49.xyz                                                                                                                                                                                                           
 Successfully updated atom info file: output/20112024_090320/atom_info.csv                                                                                                                                                                                                                           
r=49 computation completed

r=50 computation started
 Successfully finished trajectory file: output/20112024_090320/trajectory/trajectory_r50.xyz                                                                                                                                                                                                           
 Successfully updated atom info file: output/20112024_090320/atom_info.csv                                                                                                                                                                                                                           
r=50 computation completed

